
> site@0.0.1 prebuild /app/apps/site
> node ../../scripts/sync-downloads.mjs

Synced downloads → /app/apps/site/public/downloads

> site@0.0.1 build /app/apps/site
> astro build

16:09:50 [types] Generated 468ms
16:09:50 [build] output: "static"
16:09:50 [build] directory: /app/apps/site/dist/
16:09:50 [build] Collecting build info...
16:09:50 [build] ✓ Completed in 575ms.
16:09:50 [build] Building static entrypoints...
16:09:53 [vite] ✓ built in 2.78s
16:09:53 [build] ✓ Completed in 2.82s.

 building client (vite)
16:09:53 [vite] transforming...
16:09:56 [vite] ✓ 1560 modules transformed.
16:09:56 [vite] rendering chunks...
16:09:56 [vite] computing gzip size...
16:09:56 [vite] dist/_astro/ReadingProgress.Dnumton4.js     0.79 kB │ gzip:  0.48 kB
16:09:56 [vite] dist/_astro/createLucideIcon.BBxgPhHT.js    1.55 kB │ gzip:  0.65 kB
16:09:56 [vite] dist/_astro/ThemeToggle.BgqMQHV0.js         2.29 kB │ gzip:  1.02 kB
16:09:56 [vite] dist/_astro/CommandK.wMfp1WZl.js            3.55 kB │ gzip:  1.61 kB
16:09:56 [vite] dist/_astro/WritingGallery.CNobImie.js      4.93 kB │ gzip:  1.78 kB
16:09:56 [vite] dist/_astro/index.CVf8TyFT.js               6.72 kB │ gzip:  2.68 kB
16:09:56 [vite] dist/_astro/utils.BjZMEw27.js              21.80 kB │ gzip:  7.69 kB
16:09:56 [vite] dist/_astro/client.DrE9CFQR.js            135.60 kB │ gzip: 43.80 kB
16:09:56 [vite] ✓ built in 2.63s

 generating static routes
16:09:56 ▶ src/pages/about/index.astro
16:09:56   └─ /about/index.html (+28ms)
16:09:56 λ src/pages/api/contact.ts
16:09:56   └─ /api/contact16:09:56 [WARN] [router] No API Route handler exists for the method "GET" for the route "/api/contact".
Found handlers: "POST", "prerender"

 (+1ms)
16:09:56 ▶ src/pages/case-studies/[slug].astro
16:09:56   ├─ /case-studies/alert-ingest-time/index.html (+16ms)
16:09:56   ├─ /case-studies/bare-metal-patterning/index.html (+8ms)
16:09:56   ├─ /case-studies/broadbase-schema-validation/index.html (+14ms)
16:09:56   ├─ /case-studies/dual-siem-migration/index.html (+7ms)
16:09:56   ├─ /case-studies/etl-monitoring-alerting/index.html (+7ms)
16:09:56   ├─ /case-studies/new-rules-engine/index.html (+7ms)
16:09:56   └─ /case-studies/siem-at-scale/index.html (+8ms)
16:09:56 ▶ src/pages/case-studies/index.astro
16:09:56   └─ /case-studies/index.html (+6ms)
16:09:56 ▶ src/pages/contact/index.astro
16:09:56   └─ /contact/index.html (+5ms)
16:09:56 ▶ src/pages/experience/index.astro
16:09:56   └─ /experience/index.html (+5ms)
16:09:56 λ src/pages/health.json.ts
16:09:56   └─ /health.json (+2ms)
16:09:56 ▶ src/pages/legal/index.astro
16:09:56   └─ /legal/index.html (+3ms)
16:09:56 ▶ src/pages/patents/index.astro
16:09:56   └─ /patents/index.html (+4ms)
16:09:56 ▶ src/pages/projects/index.astro
16:09:56   └─ /projects/index.html (+4ms)
16:09:56 ▶ src/pages/writing/AGENTS.md
16:09:56   └─ /writing/AGENTS/index.html (+2ms)
16:09:56 ▶ src/pages/writing/[slug].astro
16:09:56   └─ /writing/2025-11-30-defeating-the-sieve/index.html (+8ms)
16:09:56 ▶ src/pages/writing/index.astro
16:09:56   └─ /writing/index.html (+8ms)
16:09:56 ▶ src/pages/index.astro
16:09:56   └─ /index.html (+7ms)
16:09:56 ✓ Completed in 267ms.

16:09:56 [build] 18 page(s) built in 6.35s
16:09:56 [build] Complete!
