
> site@0.0.1 prebuild /app/apps/site
> node ../../scripts/sync-downloads.mjs

Synced downloads → /app/apps/site/public/downloads

> site@0.0.1 build /app/apps/site
> astro build

▶ Astro collects anonymous usage data.
  This information helps us improve Astro.
  Run "astro telemetry disable" to opt-out.
  https://astro.build/telemetry

16:08:07 [types] Generated 479ms
16:08:07 [build] output: "static"
16:08:07 [build] directory: /app/apps/site/dist/
16:08:07 [build] Collecting build info...
16:08:07 [build] ✓ Completed in 570ms.
16:08:07 [build] Building static entrypoints...
16:08:10 [vite] ✓ built in 2.70s
16:08:10 [build] ✓ Completed in 2.74s.

 building client (vite)
16:08:10 [vite] transforming...
16:08:13 [vite] ✓ 1560 modules transformed.
16:08:13 [vite] rendering chunks...
16:08:13 [vite] computing gzip size...
16:08:13 [vite] dist/_astro/ReadingProgress.Dnumton4.js     0.79 kB │ gzip:  0.48 kB
16:08:13 [vite] dist/_astro/createLucideIcon.BBxgPhHT.js    1.55 kB │ gzip:  0.65 kB
16:08:13 [vite] dist/_astro/ThemeToggle.BgqMQHV0.js         2.29 kB │ gzip:  1.02 kB
16:08:13 [vite] dist/_astro/CommandK.wMfp1WZl.js            3.55 kB │ gzip:  1.61 kB
16:08:13 [vite] dist/_astro/WritingGallery.CNobImie.js      4.93 kB │ gzip:  1.78 kB
16:08:13 [vite] dist/_astro/index.CVf8TyFT.js               6.72 kB │ gzip:  2.68 kB
16:08:13 [vite] dist/_astro/utils.BjZMEw27.js              21.80 kB │ gzip:  7.69 kB
16:08:13 [vite] dist/_astro/client.DrE9CFQR.js            135.60 kB │ gzip: 43.80 kB
16:08:13 [vite] ✓ built in 2.92s

 generating static routes
16:08:13 ▶ src/pages/about/index.astro
16:08:13   └─ /about/index.html (+34ms)
16:08:13 λ src/pages/api/contact.ts
16:08:13   └─ /api/contact16:08:13 [WARN] [router] No API Route handler exists for the method "GET" for the route "/api/contact".
Found handlers: "POST", "prerender"

 (+1ms)
16:08:13 ▶ src/pages/case-studies/[slug].astro
16:08:13   ├─ /case-studies/alert-ingest-time/index.html (+91ms)
16:08:13   ├─ /case-studies/bare-metal-patterning/index.html (+10ms)
16:08:13   ├─ /case-studies/broadbase-schema-validation/index.html (+9ms)
16:08:13   ├─ /case-studies/dual-siem-migration/index.html (+26ms)
16:08:13   ├─ /case-studies/etl-monitoring-alerting/index.html (+7ms)
16:08:13   ├─ /case-studies/new-rules-engine/index.html (+6ms)
16:08:13   └─ /case-studies/siem-at-scale/index.html (+6ms)
16:08:13 ▶ src/pages/case-studies/index.astro
16:08:13   └─ /case-studies/index.html (+5ms)
16:08:13 ▶ src/pages/contact/index.astro
16:08:13   └─ /contact/index.html (+4ms)
16:08:13 ▶ src/pages/experience/index.astro
16:08:13   └─ /experience/index.html (+3ms)
16:08:13 λ src/pages/health.json.ts
16:08:13   └─ /health.json (+1ms)
16:08:13 ▶ src/pages/legal/index.astro
16:08:13   └─ /legal/index.html (+3ms)
16:08:13 ▶ src/pages/patents/index.astro
16:08:13   └─ /patents/index.html (+3ms)
16:08:13 ▶ src/pages/projects/index.astro
16:08:13   └─ /projects/index.html (+4ms)
16:08:13 ▶ src/pages/writing/AGENTS.md
16:08:13   └─ /writing/AGENTS/index.html (+1ms)
16:08:13 ▶ src/pages/writing/[slug].astro
16:08:13   └─ /writing/2025-11-30-defeating-the-sieve/index.html[ReferenceError] n is not defined
  Hint:
    This issue often occurs when your MDX component encounters runtime errors.
  Stack trace:
    at _createMdxContent (file:///app/apps/site/dist/chunks/2025-11-30-defeating-the-sieve_DTbgBM4v.mjs:57:38)
    at Object.Content [as type] (file:///app/apps/site/dist/chunks/2025-11-30-defeating-the-sieve_DTbgBM4v.mjs:227:33)
    at renderJSX (file:///app/apps/site/dist/chunks/astro/server_DguHXrC_.mjs:1826:10)
    at renderFrameworkComponent (file:///app/apps/site/dist/chunks/astro/server_DguHXrC_.mjs:1583:66)
    at async renderComponentToString (file:///app/apps/site/dist/chunks/astro/server_DguHXrC_.mjs:1790:28)
/app/apps/site:
 ERR_PNPM_RECURSIVE_RUN_FIRST_FAIL  site@0.0.1 build: `astro build`
Exit status 1
